
*** Running vivado
    with args -log top_module.vdi -applog -m64 -messageDb vivado.pb -mode batch -source top_module.tcl -notrace

WARNING: Default location for XILINX_VIVADO_HLS not found: 
INFO: [Common 17-701] A license check has taken more than 10 seconds to complete. This may indicate that there is a performance issue with one or more license servers listed in XILINXD_LICENSE_FILE or LM_LICENSE_FILE, or that the license servers are just not responding at all. Try setting the FLEXLM_DIAGNOSTICS environment variable to 3 and running Vivado again to get more information.

****** Vivado v2015.2 (64-bit)
  **** SW Build 1266856 on Fri Jun 26 16:35:25 MDT 2015
  **** IP Build 1264090 on Wed Jun 24 14:22:01 MDT 2015
    ** Copyright 1986-2015 Xilinx, Inc. All Rights Reserved.

source top_module.tcl -notrace
Design is defaulting to srcset: sources_1
Design is defaulting to constrset: constrs_1
INFO: [Netlist 29-17] Analyzing 7 Unisim elements for replacement
INFO: [Netlist 29-28] Unisim Transformation completed in 0 CPU seconds
INFO: [Project 1-479] Netlist was created with Vivado 2015.2
INFO: [Device 21-403] Loading part xc7a100tcsg324-1
INFO: [Project 1-570] Preparing netlist for logic optimization
Parsing XDC File [C:/Users/Timothy/Documents/GitHub/Lightshow2.0/Nexys4_Master.xdc]
WARNING: [Vivado 12-584] No ports matched 'sw[0]'. [C:/Users/Timothy/Documents/GitHub/Lightshow2.0/Nexys4_Master.xdc:14]
CRITICAL WARNING: [Common 17-55] 'set_property' expects at least one object. [C:/Users/Timothy/Documents/GitHub/Lightshow2.0/Nexys4_Master.xdc:14]
Resolution: If [get_<value>] was used to populate the object, check to make sure this command returns at least one valid object.
WARNING: [Vivado 12-584] No ports matched 'sw[0]'. [C:/Users/Timothy/Documents/GitHub/Lightshow2.0/Nexys4_Master.xdc:15]
CRITICAL WARNING: [Common 17-55] 'set_property' expects at least one object. [C:/Users/Timothy/Documents/GitHub/Lightshow2.0/Nexys4_Master.xdc:15]
Resolution: If [get_<value>] was used to populate the object, check to make sure this command returns at least one valid object.
WARNING: [Vivado 12-584] No ports matched 'sw[1]'. [C:/Users/Timothy/Documents/GitHub/Lightshow2.0/Nexys4_Master.xdc:17]
CRITICAL WARNING: [Common 17-55] 'set_property' expects at least one object. [C:/Users/Timothy/Documents/GitHub/Lightshow2.0/Nexys4_Master.xdc:17]
Resolution: If [get_<value>] was used to populate the object, check to make sure this command returns at least one valid object.
WARNING: [Vivado 12-584] No ports matched 'sw[1]'. [C:/Users/Timothy/Documents/GitHub/Lightshow2.0/Nexys4_Master.xdc:18]
CRITICAL WARNING: [Common 17-55] 'set_property' expects at least one object. [C:/Users/Timothy/Documents/GitHub/Lightshow2.0/Nexys4_Master.xdc:18]
Resolution: If [get_<value>] was used to populate the object, check to make sure this command returns at least one valid object.
WARNING: [Vivado 12-584] No ports matched 'sw[2]'. [C:/Users/Timothy/Documents/GitHub/Lightshow2.0/Nexys4_Master.xdc:20]
CRITICAL WARNING: [Common 17-55] 'set_property' expects at least one object. [C:/Users/Timothy/Documents/GitHub/Lightshow2.0/Nexys4_Master.xdc:20]
Resolution: If [get_<value>] was used to populate the object, check to make sure this command returns at least one valid object.
WARNING: [Vivado 12-584] No ports matched 'sw[2]'. [C:/Users/Timothy/Documents/GitHub/Lightshow2.0/Nexys4_Master.xdc:21]
CRITICAL WARNING: [Common 17-55] 'set_property' expects at least one object. [C:/Users/Timothy/Documents/GitHub/Lightshow2.0/Nexys4_Master.xdc:21]
Resolution: If [get_<value>] was used to populate the object, check to make sure this command returns at least one valid object.
WARNING: [Vivado 12-584] No ports matched 'sw[3]'. [C:/Users/Timothy/Documents/GitHub/Lightshow2.0/Nexys4_Master.xdc:23]
CRITICAL WARNING: [Common 17-55] 'set_property' expects at least one object. [C:/Users/Timothy/Documents/GitHub/Lightshow2.0/Nexys4_Master.xdc:23]
Resolution: If [get_<value>] was used to populate the object, check to make sure this command returns at least one valid object.
WARNING: [Vivado 12-584] No ports matched 'sw[3]'. [C:/Users/Timothy/Documents/GitHub/Lightshow2.0/Nexys4_Master.xdc:24]
CRITICAL WARNING: [Common 17-55] 'set_property' expects at least one object. [C:/Users/Timothy/Documents/GitHub/Lightshow2.0/Nexys4_Master.xdc:24]
Resolution: If [get_<value>] was used to populate the object, check to make sure this command returns at least one valid object.
WARNING: [Vivado 12-584] No ports matched 'sw[4]'. [C:/Users/Timothy/Documents/GitHub/Lightshow2.0/Nexys4_Master.xdc:26]
CRITICAL WARNING: [Common 17-55] 'set_property' expects at least one object. [C:/Users/Timothy/Documents/GitHub/Lightshow2.0/Nexys4_Master.xdc:26]
Resolution: If [get_<value>] was used to populate the object, check to make sure this command returns at least one valid object.
WARNING: [Vivado 12-584] No ports matched 'sw[4]'. [C:/Users/Timothy/Documents/GitHub/Lightshow2.0/Nexys4_Master.xdc:27]
CRITICAL WARNING: [Common 17-55] 'set_property' expects at least one object. [C:/Users/Timothy/Documents/GitHub/Lightshow2.0/Nexys4_Master.xdc:27]
Resolution: If [get_<value>] was used to populate the object, check to make sure this command returns at least one valid object.
WARNING: [Vivado 12-584] No ports matched 'sw[5]'. [C:/Users/Timothy/Documents/GitHub/Lightshow2.0/Nexys4_Master.xdc:29]
CRITICAL WARNING: [Common 17-55] 'set_property' expects at least one object. [C:/Users/Timothy/Documents/GitHub/Lightshow2.0/Nexys4_Master.xdc:29]
Resolution: If [get_<value>] was used to populate the object, check to make sure this command returns at least one valid object.
WARNING: [Vivado 12-584] No ports matched 'sw[5]'. [C:/Users/Timothy/Documents/GitHub/Lightshow2.0/Nexys4_Master.xdc:30]
CRITICAL WARNING: [Common 17-55] 'set_property' expects at least one object. [C:/Users/Timothy/Documents/GitHub/Lightshow2.0/Nexys4_Master.xdc:30]
Resolution: If [get_<value>] was used to populate the object, check to make sure this command returns at least one valid object.
WARNING: [Vivado 12-584] No ports matched 'sw[6]'. [C:/Users/Timothy/Documents/GitHub/Lightshow2.0/Nexys4_Master.xdc:32]
CRITICAL WARNING: [Common 17-55] 'set_property' expects at least one object. [C:/Users/Timothy/Documents/GitHub/Lightshow2.0/Nexys4_Master.xdc:32]
Resolution: If [get_<value>] was used to populate the object, check to make sure this command returns at least one valid object.
WARNING: [Vivado 12-584] No ports matched 'sw[6]'. [C:/Users/Timothy/Documents/GitHub/Lightshow2.0/Nexys4_Master.xdc:33]
CRITICAL WARNING: [Common 17-55] 'set_property' expects at least one object. [C:/Users/Timothy/Documents/GitHub/Lightshow2.0/Nexys4_Master.xdc:33]
Resolution: If [get_<value>] was used to populate the object, check to make sure this command returns at least one valid object.
WARNING: [Vivado 12-584] No ports matched 'sw[7]'. [C:/Users/Timothy/Documents/GitHub/Lightshow2.0/Nexys4_Master.xdc:35]
CRITICAL WARNING: [Common 17-55] 'set_property' expects at least one object. [C:/Users/Timothy/Documents/GitHub/Lightshow2.0/Nexys4_Master.xdc:35]
Resolution: If [get_<value>] was used to populate the object, check to make sure this command returns at least one valid object.
WARNING: [Vivado 12-584] No ports matched 'sw[7]'. [C:/Users/Timothy/Documents/GitHub/Lightshow2.0/Nexys4_Master.xdc:36]
CRITICAL WARNING: [Common 17-55] 'set_property' expects at least one object. [C:/Users/Timothy/Documents/GitHub/Lightshow2.0/Nexys4_Master.xdc:36]
Resolution: If [get_<value>] was used to populate the object, check to make sure this command returns at least one valid object.
WARNING: [Vivado 12-584] No ports matched 'seg[0]'. [C:/Users/Timothy/Documents/GitHub/Lightshow2.0/Nexys4_Master.xdc:137]
CRITICAL WARNING: [Common 17-55] 'set_property' expects at least one object. [C:/Users/Timothy/Documents/GitHub/Lightshow2.0/Nexys4_Master.xdc:137]
Resolution: If [get_<value>] was used to populate the object, check to make sure this command returns at least one valid object.
WARNING: [Vivado 12-584] No ports matched 'seg[0]'. [C:/Users/Timothy/Documents/GitHub/Lightshow2.0/Nexys4_Master.xdc:138]
CRITICAL WARNING: [Common 17-55] 'set_property' expects at least one object. [C:/Users/Timothy/Documents/GitHub/Lightshow2.0/Nexys4_Master.xdc:138]
Resolution: If [get_<value>] was used to populate the object, check to make sure this command returns at least one valid object.
WARNING: [Vivado 12-584] No ports matched 'seg[1]'. [C:/Users/Timothy/Documents/GitHub/Lightshow2.0/Nexys4_Master.xdc:140]
CRITICAL WARNING: [Common 17-55] 'set_property' expects at least one object. [C:/Users/Timothy/Documents/GitHub/Lightshow2.0/Nexys4_Master.xdc:140]
Resolution: If [get_<value>] was used to populate the object, check to make sure this command returns at least one valid object.
WARNING: [Vivado 12-584] No ports matched 'seg[1]'. [C:/Users/Timothy/Documents/GitHub/Lightshow2.0/Nexys4_Master.xdc:141]
CRITICAL WARNING: [Common 17-55] 'set_property' expects at least one object. [C:/Users/Timothy/Documents/GitHub/Lightshow2.0/Nexys4_Master.xdc:141]
Resolution: If [get_<value>] was used to populate the object, check to make sure this command returns at least one valid object.
WARNING: [Vivado 12-584] No ports matched 'seg[2]'. [C:/Users/Timothy/Documents/GitHub/Lightshow2.0/Nexys4_Master.xdc:143]
CRITICAL WARNING: [Common 17-55] 'set_property' expects at least one object. [C:/Users/Timothy/Documents/GitHub/Lightshow2.0/Nexys4_Master.xdc:143]
Resolution: If [get_<value>] was used to populate the object, check to make sure this command returns at least one valid object.
WARNING: [Vivado 12-584] No ports matched 'seg[2]'. [C:/Users/Timothy/Documents/GitHub/Lightshow2.0/Nexys4_Master.xdc:144]
CRITICAL WARNING: [Common 17-55] 'set_property' expects at least one object. [C:/Users/Timothy/Documents/GitHub/Lightshow2.0/Nexys4_Master.xdc:144]
Resolution: If [get_<value>] was used to populate the object, check to make sure this command returns at least one valid object.
WARNING: [Vivado 12-584] No ports matched 'seg[3]'. [C:/Users/Timothy/Documents/GitHub/Lightshow2.0/Nexys4_Master.xdc:146]
CRITICAL WARNING: [Common 17-55] 'set_property' expects at least one object. [C:/Users/Timothy/Documents/GitHub/Lightshow2.0/Nexys4_Master.xdc:146]
Resolution: If [get_<value>] was used to populate the object, check to make sure this command returns at least one valid object.
WARNING: [Vivado 12-584] No ports matched 'seg[3]'. [C:/Users/Timothy/Documents/GitHub/Lightshow2.0/Nexys4_Master.xdc:147]
CRITICAL WARNING: [Common 17-55] 'set_property' expects at least one object. [C:/Users/Timothy/Documents/GitHub/Lightshow2.0/Nexys4_Master.xdc:147]
Resolution: If [get_<value>] was used to populate the object, check to make sure this command returns at least one valid object.
WARNING: [Vivado 12-584] No ports matched 'seg[4]'. [C:/Users/Timothy/Documents/GitHub/Lightshow2.0/Nexys4_Master.xdc:149]
CRITICAL WARNING: [Common 17-55] 'set_property' expects at least one object. [C:/Users/Timothy/Documents/GitHub/Lightshow2.0/Nexys4_Master.xdc:149]
Resolution: If [get_<value>] was used to populate the object, check to make sure this command returns at least one valid object.
WARNING: [Vivado 12-584] No ports matched 'seg[4]'. [C:/Users/Timothy/Documents/GitHub/Lightshow2.0/Nexys4_Master.xdc:150]
CRITICAL WARNING: [Common 17-55] 'set_property' expects at least one object. [C:/Users/Timothy/Documents/GitHub/Lightshow2.0/Nexys4_Master.xdc:150]
Resolution: If [get_<value>] was used to populate the object, check to make sure this command returns at least one valid object.
WARNING: [Vivado 12-584] No ports matched 'seg[5]'. [C:/Users/Timothy/Documents/GitHub/Lightshow2.0/Nexys4_Master.xdc:152]
CRITICAL WARNING: [Common 17-55] 'set_property' expects at least one object. [C:/Users/Timothy/Documents/GitHub/Lightshow2.0/Nexys4_Master.xdc:152]
Resolution: If [get_<value>] was used to populate the object, check to make sure this command returns at least one valid object.
WARNING: [Vivado 12-584] No ports matched 'seg[5]'. [C:/Users/Timothy/Documents/GitHub/Lightshow2.0/Nexys4_Master.xdc:153]
CRITICAL WARNING: [Common 17-55] 'set_property' expects at least one object. [C:/Users/Timothy/Documents/GitHub/Lightshow2.0/Nexys4_Master.xdc:153]
Resolution: If [get_<value>] was used to populate the object, check to make sure this command returns at least one valid object.
WARNING: [Vivado 12-584] No ports matched 'seg[6]'. [C:/Users/Timothy/Documents/GitHub/Lightshow2.0/Nexys4_Master.xdc:155]
CRITICAL WARNING: [Common 17-55] 'set_property' expects at least one object. [C:/Users/Timothy/Documents/GitHub/Lightshow2.0/Nexys4_Master.xdc:155]
Resolution: If [get_<value>] was used to populate the object, check to make sure this command returns at least one valid object.
WARNING: [Vivado 12-584] No ports matched 'seg[6]'. [C:/Users/Timothy/Documents/GitHub/Lightshow2.0/Nexys4_Master.xdc:156]
CRITICAL WARNING: [Common 17-55] 'set_property' expects at least one object. [C:/Users/Timothy/Documents/GitHub/Lightshow2.0/Nexys4_Master.xdc:156]
Resolution: If [get_<value>] was used to populate the object, check to make sure this command returns at least one valid object.
WARNING: [Vivado 12-584] No ports matched 'an[0]'. [C:/Users/Timothy/Documents/GitHub/Lightshow2.0/Nexys4_Master.xdc:163]
CRITICAL WARNING: [Common 17-55] 'set_property' expects at least one object. [C:/Users/Timothy/Documents/GitHub/Lightshow2.0/Nexys4_Master.xdc:163]
Resolution: If [get_<value>] was used to populate the object, check to make sure this command returns at least one valid object.
WARNING: [Vivado 12-584] No ports matched 'an[0]'. [C:/Users/Timothy/Documents/GitHub/Lightshow2.0/Nexys4_Master.xdc:164]
CRITICAL WARNING: [Common 17-55] 'set_property' expects at least one object. [C:/Users/Timothy/Documents/GitHub/Lightshow2.0/Nexys4_Master.xdc:164]
Resolution: If [get_<value>] was used to populate the object, check to make sure this command returns at least one valid object.
WARNING: [Vivado 12-584] No ports matched 'an[1]'. [C:/Users/Timothy/Documents/GitHub/Lightshow2.0/Nexys4_Master.xdc:166]
CRITICAL WARNING: [Common 17-55] 'set_property' expects at least one object. [C:/Users/Timothy/Documents/GitHub/Lightshow2.0/Nexys4_Master.xdc:166]
Resolution: If [get_<value>] was used to populate the object, check to make sure this command returns at least one valid object.
WARNING: [Vivado 12-584] No ports matched 'an[1]'. [C:/Users/Timothy/Documents/GitHub/Lightshow2.0/Nexys4_Master.xdc:167]
CRITICAL WARNING: [Common 17-55] 'set_property' expects at least one object. [C:/Users/Timothy/Documents/GitHub/Lightshow2.0/Nexys4_Master.xdc:167]
Resolution: If [get_<value>] was used to populate the object, check to make sure this command returns at least one valid object.
WARNING: [Vivado 12-584] No ports matched 'an[2]'. [C:/Users/Timothy/Documents/GitHub/Lightshow2.0/Nexys4_Master.xdc:169]
CRITICAL WARNING: [Common 17-55] 'set_property' expects at least one object. [C:/Users/Timothy/Documents/GitHub/Lightshow2.0/Nexys4_Master.xdc:169]
Resolution: If [get_<value>] was used to populate the object, check to make sure this command returns at least one valid object.
WARNING: [Vivado 12-584] No ports matched 'an[2]'. [C:/Users/Timothy/Documents/GitHub/Lightshow2.0/Nexys4_Master.xdc:170]
CRITICAL WARNING: [Common 17-55] 'set_property' expects at least one object. [C:/Users/Timothy/Documents/GitHub/Lightshow2.0/Nexys4_Master.xdc:170]
Resolution: If [get_<value>] was used to populate the object, check to make sure this command returns at least one valid object.
WARNING: [Vivado 12-584] No ports matched 'an[3]'. [C:/Users/Timothy/Documents/GitHub/Lightshow2.0/Nexys4_Master.xdc:172]
CRITICAL WARNING: [Common 17-55] 'set_property' expects at least one object. [C:/Users/Timothy/Documents/GitHub/Lightshow2.0/Nexys4_Master.xdc:172]
Resolution: If [get_<value>] was used to populate the object, check to make sure this command returns at least one valid object.
WARNING: [Vivado 12-584] No ports matched 'an[3]'. [C:/Users/Timothy/Documents/GitHub/Lightshow2.0/Nexys4_Master.xdc:173]
CRITICAL WARNING: [Common 17-55] 'set_property' expects at least one object. [C:/Users/Timothy/Documents/GitHub/Lightshow2.0/Nexys4_Master.xdc:173]
Resolution: If [get_<value>] was used to populate the object, check to make sure this command returns at least one valid object.
WARNING: [Vivado 12-584] No ports matched 'an[4]'. [C:/Users/Timothy/Documents/GitHub/Lightshow2.0/Nexys4_Master.xdc:175]
CRITICAL WARNING: [Common 17-55] 'set_property' expects at least one object. [C:/Users/Timothy/Documents/GitHub/Lightshow2.0/Nexys4_Master.xdc:175]
Resolution: If [get_<value>] was used to populate the object, check to make sure this command returns at least one valid object.
WARNING: [Vivado 12-584] No ports matched 'an[4]'. [C:/Users/Timothy/Documents/GitHub/Lightshow2.0/Nexys4_Master.xdc:176]
CRITICAL WARNING: [Common 17-55] 'set_property' expects at least one object. [C:/Users/Timothy/Documents/GitHub/Lightshow2.0/Nexys4_Master.xdc:176]
Resolution: If [get_<value>] was used to populate the object, check to make sure this command returns at least one valid object.
WARNING: [Vivado 12-584] No ports matched 'an[5]'. [C:/Users/Timothy/Documents/GitHub/Lightshow2.0/Nexys4_Master.xdc:178]
CRITICAL WARNING: [Common 17-55] 'set_property' expects at least one object. [C:/Users/Timothy/Documents/GitHub/Lightshow2.0/Nexys4_Master.xdc:178]
Resolution: If [get_<value>] was used to populate the object, check to make sure this command returns at least one valid object.
WARNING: [Vivado 12-584] No ports matched 'an[5]'. [C:/Users/Timothy/Documents/GitHub/Lightshow2.0/Nexys4_Master.xdc:179]
CRITICAL WARNING: [Common 17-55] 'set_property' expects at least one object. [C:/Users/Timothy/Documents/GitHub/Lightshow2.0/Nexys4_Master.xdc:179]
Resolution: If [get_<value>] was used to populate the object, check to make sure this command returns at least one valid object.
WARNING: [Vivado 12-584] No ports matched 'an[6]'. [C:/Users/Timothy/Documents/GitHub/Lightshow2.0/Nexys4_Master.xdc:181]
CRITICAL WARNING: [Common 17-55] 'set_property' expects at least one object. [C:/Users/Timothy/Documents/GitHub/Lightshow2.0/Nexys4_Master.xdc:181]
Resolution: If [get_<value>] was used to populate the object, check to make sure this command returns at least one valid object.
WARNING: [Vivado 12-584] No ports matched 'an[6]'. [C:/Users/Timothy/Documents/GitHub/Lightshow2.0/Nexys4_Master.xdc:182]
CRITICAL WARNING: [Common 17-55] 'set_property' expects at least one object. [C:/Users/Timothy/Documents/GitHub/Lightshow2.0/Nexys4_Master.xdc:182]
Resolution: If [get_<value>] was used to populate the object, check to make sure this command returns at least one valid object.
WARNING: [Vivado 12-584] No ports matched 'an[7]'. [C:/Users/Timothy/Documents/GitHub/Lightshow2.0/Nexys4_Master.xdc:184]
CRITICAL WARNING: [Common 17-55] 'set_property' expects at least one object. [C:/Users/Timothy/Documents/GitHub/Lightshow2.0/Nexys4_Master.xdc:184]
Resolution: If [get_<value>] was used to populate the object, check to make sure this command returns at least one valid object.
WARNING: [Vivado 12-584] No ports matched 'an[7]'. [C:/Users/Timothy/Documents/GitHub/Lightshow2.0/Nexys4_Master.xdc:185]
CRITICAL WARNING: [Common 17-55] 'set_property' expects at least one object. [C:/Users/Timothy/Documents/GitHub/Lightshow2.0/Nexys4_Master.xdc:185]
Resolution: If [get_<value>] was used to populate the object, check to make sure this command returns at least one valid object.
WARNING: [Vivado 12-584] No ports matched 'btnC'. [C:/Users/Timothy/Documents/GitHub/Lightshow2.0/Nexys4_Master.xdc:194]
CRITICAL WARNING: [Common 17-55] 'set_property' expects at least one object. [C:/Users/Timothy/Documents/GitHub/Lightshow2.0/Nexys4_Master.xdc:194]
Resolution: If [get_<value>] was used to populate the object, check to make sure this command returns at least one valid object.
WARNING: [Vivado 12-584] No ports matched 'btnC'. [C:/Users/Timothy/Documents/GitHub/Lightshow2.0/Nexys4_Master.xdc:195]
CRITICAL WARNING: [Common 17-55] 'set_property' expects at least one object. [C:/Users/Timothy/Documents/GitHub/Lightshow2.0/Nexys4_Master.xdc:195]
Resolution: If [get_<value>] was used to populate the object, check to make sure this command returns at least one valid object.
WARNING: [Vivado 12-584] No ports matched 'btnU'. [C:/Users/Timothy/Documents/GitHub/Lightshow2.0/Nexys4_Master.xdc:197]
CRITICAL WARNING: [Common 17-55] 'set_property' expects at least one object. [C:/Users/Timothy/Documents/GitHub/Lightshow2.0/Nexys4_Master.xdc:197]
Resolution: If [get_<value>] was used to populate the object, check to make sure this command returns at least one valid object.
WARNING: [Vivado 12-584] No ports matched 'btnU'. [C:/Users/Timothy/Documents/GitHub/Lightshow2.0/Nexys4_Master.xdc:198]
CRITICAL WARNING: [Common 17-55] 'set_property' expects at least one object. [C:/Users/Timothy/Documents/GitHub/Lightshow2.0/Nexys4_Master.xdc:198]
Resolution: If [get_<value>] was used to populate the object, check to make sure this command returns at least one valid object.
WARNING: [Vivado 12-584] No ports matched 'JA[0]'. [C:/Users/Timothy/Documents/GitHub/Lightshow2.0/Nexys4_Master.xdc:213]
CRITICAL WARNING: [Common 17-55] 'set_property' expects at least one object. [C:/Users/Timothy/Documents/GitHub/Lightshow2.0/Nexys4_Master.xdc:213]
Resolution: If [get_<value>] was used to populate the object, check to make sure this command returns at least one valid object.
WARNING: [Vivado 12-584] No ports matched 'JA[0]'. [C:/Users/Timothy/Documents/GitHub/Lightshow2.0/Nexys4_Master.xdc:214]
CRITICAL WARNING: [Common 17-55] 'set_property' expects at least one object. [C:/Users/Timothy/Documents/GitHub/Lightshow2.0/Nexys4_Master.xdc:214]
Resolution: If [get_<value>] was used to populate the object, check to make sure this command returns at least one valid object.
WARNING: [Vivado 12-584] No ports matched 'JA[1]'. [C:/Users/Timothy/Documents/GitHub/Lightshow2.0/Nexys4_Master.xdc:216]
CRITICAL WARNING: [Common 17-55] 'set_property' expects at least one object. [C:/Users/Timothy/Documents/GitHub/Lightshow2.0/Nexys4_Master.xdc:216]
Resolution: If [get_<value>] was used to populate the object, check to make sure this command returns at least one valid object.
WARNING: [Vivado 12-584] No ports matched 'JA[1]'. [C:/Users/Timothy/Documents/GitHub/Lightshow2.0/Nexys4_Master.xdc:217]
CRITICAL WARNING: [Common 17-55] 'set_property' expects at least one object. [C:/Users/Timothy/Documents/GitHub/Lightshow2.0/Nexys4_Master.xdc:217]
Resolution: If [get_<value>] was used to populate the object, check to make sure this command returns at least one valid object.
WARNING: [Vivado 12-584] No ports matched 'JA[2]'. [C:/Users/Timothy/Documents/GitHub/Lightshow2.0/Nexys4_Master.xdc:219]
CRITICAL WARNING: [Common 17-55] 'set_property' expects at least one object. [C:/Users/Timothy/Documents/GitHub/Lightshow2.0/Nexys4_Master.xdc:219]
Resolution: If [get_<value>] was used to populate the object, check to make sure this command returns at least one valid object.
WARNING: [Vivado 12-584] No ports matched 'JA[2]'. [C:/Users/Timothy/Documents/GitHub/Lightshow2.0/Nexys4_Master.xdc:220]
CRITICAL WARNING: [Common 17-55] 'set_property' expects at least one object. [C:/Users/Timothy/Documents/GitHub/Lightshow2.0/Nexys4_Master.xdc:220]
Resolution: If [get_<value>] was used to populate the object, check to make sure this command returns at least one valid object.
Finished Parsing XDC File [C:/Users/Timothy/Documents/GitHub/Lightshow2.0/Nexys4_Master.xdc]
INFO: [Opt 31-138] Pushed 0 inverter(s) to 0 load pin(s).
CRITICAL WARNING: [Project 1-486] Could not resolve non-primitive black box cell 'SPI_If' instantiated as 'ADXL_Control/SPI_Interface' [C:/Users/Timothy/Documents/GitHub/Lightshow2.0/Final_Prj.srcs/sources_1/new/ADXL362Ctrl.vhd:373]
INFO: [Project 1-111] Unisim Transformation Summary:
No Unisim elements were transformed.

link_design: Time (s): cpu = 00:00:05 ; elapsed = 00:00:06 . Memory (MB): peak = 460.426 ; gain = 261.836
Command: opt_design
Attempting to get a license for feature 'Implementation' and/or device 'xc7a100t'
INFO: [Common 17-349] Got license for feature 'Implementation' and/or device 'xc7a100t'
Running DRC as a precondition to command opt_design

Starting DRC Task
INFO: [DRC 23-27] Running DRC with 2 threads
INFO: [Project 1-461] DRC finished with 0 Errors
INFO: [Project 1-462] Please refer to the DRC report (report_drc) for more information.

Time (s): cpu = 00:00:00 ; elapsed = 00:00:00.099 . Memory (MB): peak = 463.672 ; gain = 3.246
INFO: [Timing 38-35] Done setting XDC timing constraints.

Starting Logic Optimization Task

Phase 1 Retarget

WARNING: [Opt 31-155] Driverless net ADXL_Control/Done is driving LUT input pin I0 which is used by the LUT equation. If the LUT is not removed or a driver added, this warning will become an error. LUT cell name: ADXL_Control/Cnt_Bytes_Rec[2]_i_2
WARNING: [Opt 31-155] Driverless net ADXL_Control/Dout[0] is driving LUT input pin I0 which is used by the LUT equation. If the LUT is not removed or a driver added, this warning will become an error. LUT cell name: ADXL_Control/Data_Reg[0][0]_i_1
WARNING: [Opt 31-155] Driverless net ADXL_Control/Done is driving LUT input pin I2 which is used by the LUT equation. If the LUT is not removed or a driver added, this warning will become an error. LUT cell name: ADXL_Control/Data_Reg[0][0]_i_1
WARNING: [Opt 31-155] Driverless net ADXL_Control/Dout[7] is driving LUT input pin I0 which is used by the LUT equation. If the LUT is not removed or a driver added, this warning will become an error. LUT cell name: ADXL_Control/Data_Reg[0][7]_i_1
WARNING: [Opt 31-155] Driverless net ADXL_Control/Done is driving LUT input pin I2 which is used by the LUT equation. If the LUT is not removed or a driver added, this warning will become an error. LUT cell name: ADXL_Control/Data_Reg[0][7]_i_1
WARNING: [Opt 31-155] Driverless net ADXL_Control/Done is driving LUT input pin I0 which is used by the LUT equation. If the LUT is not removed or a driver added, this warning will become an error. LUT cell name: ADXL_Control/StC_Spi_SendRec[3]_i_3
WARNING: [Opt 31-155] Driverless net ADXL_Control/Done is driving LUT input pin I0 which is used by the LUT equation. If the LUT is not removed or a driver added, this warning will become an error. LUT cell name: ADXL_Control/StC_Spi_SendRec[3]_i_4
WARNING: [Opt 31-155] Driverless net ADXL_Control/Done is driving LUT input pin I2 which is used by the LUT equation. If the LUT is not removed or a driver added, this warning will become an error. LUT cell name: ADXL_Control/StC_Spi_SendRec[2]_i_1
WARNING: [Opt 31-155] Driverless net ADXL_Control/Done is driving LUT input pin I2 which is used by the LUT equation. If the LUT is not removed or a driver added, this warning will become an error. LUT cell name: ADXL_Control/StC_Spi_SendRec[4]_i_1
WARNING: [Opt 31-155] Driverless net ADXL_Control/Done is driving LUT input pin I0 which is used by the LUT equation. If the LUT is not removed or a driver added, this warning will become an error. LUT cell name: ADXL_Control/StC_Spi_SendRec[4]_i_3
WARNING: [Opt 31-155] Driverless net ADXL_Control/Done is driving LUT input pin I4 which is used by the LUT equation. If the LUT is not removed or a driver added, this warning will become an error. LUT cell name: ADXL_Control/StC_Spi_SendRec[6]_i_2
WARNING: [Opt 31-155] Driverless net ADXL_Control/Done is driving LUT input pin I4 which is used by the LUT equation. If the LUT is not removed or a driver added, this warning will become an error. LUT cell name: ADXL_Control/StC_Spi_SendRec[6]_i_3
INFO: [Opt 31-138] Pushed 0 inverter(s) to 0 load pin(s).
INFO: [Opt 31-49] Retargeted 0 cell(s).
Phase 1 Retarget | Checksum: 10f6194cc

Time (s): cpu = 00:00:00 ; elapsed = 00:00:00.029 . Memory (MB): peak = 951.000 ; gain = 0.000

Phase 2 Constant Propagation
INFO: [Opt 31-138] Pushed 0 inverter(s) to 0 load pin(s).
INFO: [Opt 31-10] Eliminated 18 cells.
Phase 2 Constant Propagation | Checksum: 1e28f8f04

Time (s): cpu = 00:00:00 ; elapsed = 00:00:00.043 . Memory (MB): peak = 951.000 ; gain = 0.000

Phase 3 Sweep
INFO: [Opt 31-12] Eliminated 18 unconnected nets.
INFO: [Opt 31-11] Eliminated 2 unconnected cells.
Phase 3 Sweep | Checksum: 9ae97873

Time (s): cpu = 00:00:00 ; elapsed = 00:00:00.059 . Memory (MB): peak = 951.000 ; gain = 0.000

Starting Connectivity Check Task
ERROR: [Opt 31-30] Blackbox ADXL_Control/SPI_Interface (SPI_If) is driving pin I0 of primitive cell ADXL_Control/Cnt_Bytes_Rec[2]_i_2. This blackbox cannot be found in the existing library.
Resolution: Please check the input design and ensure that the specific blackbox module is defined. Once the design is modified, then re-run the Vivado flow.
ERROR: [Opt 31-30] Blackbox ADXL_Control/SPI_Interface (SPI_If) is driving pin I0 of primitive cell ADXL_Control/Data_Reg[0][0]_i_1. This blackbox cannot be found in the existing library.
Resolution: Please check the input design and ensure that the specific blackbox module is defined. Once the design is modified, then re-run the Vivado flow.
ERROR: [Opt 31-30] Blackbox ADXL_Control/SPI_Interface (SPI_If) is driving pin I0 of primitive cell ADXL_Control/Data_Reg[0][7]_i_1. This blackbox cannot be found in the existing library.
Resolution: Please check the input design and ensure that the specific blackbox module is defined. Once the design is modified, then re-run the Vivado flow.
ERROR: [Opt 31-30] Blackbox ADXL_Control/SPI_Interface (SPI_If) is driving pin I of primitive cell aclMOSI_OBUF_inst. This blackbox cannot be found in the existing library.
Resolution: Please check the input design and ensure that the specific blackbox module is defined. Once the design is modified, then re-run the Vivado flow.
ERROR: [Opt 31-30] Blackbox ADXL_Control/SPI_Interface (SPI_If) is driving pin I of primitive cell aclSCK_OBUF_inst. This blackbox cannot be found in the existing library.
Resolution: Please check the input design and ensure that the specific blackbox module is defined. Once the design is modified, then re-run the Vivado flow.
ERROR: [Opt 31-30] Blackbox ADXL_Control/SPI_Interface (SPI_If) is driving pin I of primitive cell aclSS_OBUF_inst. This blackbox cannot be found in the existing library.
Resolution: Please check the input design and ensure that the specific blackbox module is defined. Once the design is modified, then re-run the Vivado flow.

Time (s): cpu = 00:00:00 ; elapsed = 00:00:00.001 . Memory (MB): peak = 951.000 ; gain = 0.000
Implement Debug Cores | Checksum: 22201a99d
Logic Optimization | Checksum: 22201a99d
Ending Logic Optimization Task | Checksum: 9ae97873

Time (s): cpu = 00:00:00 ; elapsed = 00:00:00.061 . Memory (MB): peak = 951.000 ; gain = 0.000
INFO: [Common 17-83] Releasing license: Implementation
19 Infos, 68 Warnings, 57 Critical Warnings and 7 Errors encountered.
opt_design failed
ERROR: [Opt 31-236] Found primitives driven by Empty Hierarchy Cells/Black boxes.
INFO: [Common 17-206] Exiting Vivado at Thu Dec 03 10:21:34 2015...
